github.com
  ✓ Logged in to github.com account pxkundu (/home/artha_undu/.config/gh/hosts.yml)
  - Active account: true
  - Git operations protocol: https
  - Token: ghp_************************************
  - Token scopes: 'admin:gpg_key', 'admin:org', 'admin:public_key', 'admin:repo_hook', 'admin:ssh_signing_key', 'codespace', 'project', 'repo'
github.com
  ✓ Logged in to github.com account pxkundu (/home/artha_undu/.config/gh/hosts.yml)
  - Active account: true
  - Git operations protocol: https
  - Token: ghp_************************************
  - Token scopes: 'admin:gpg_key', 'admin:org', 'admin:public_key', 'admin:repo_hook', 'admin:ssh_signing_key', 'codespace', 'project', 'repo'
github.com
  ✓ Logged in to github.com account pxkundu (/home/artha_undu/.config/gh/hosts.yml)
  - Active account: true
  - Git operations protocol: https
  - Token: ghp_************************************
  - Token scopes: 'admin:gpg_key', 'admin:org', 'admin:public_key', 'admin:repo_hook', 'admin:ssh_signing_key', 'codespace', 'project', 'repo'
github.com
  ✓ Logged in to github.com account pxkundu (/home/artha_undu/.config/gh/hosts.yml)
  - Active account: true
  - Git operations protocol: https
  - Token: ghp_************************************
  - Token scopes: 'admin:gpg_key', 'admin:org', 'admin:public_key', 'admin:repo_hook', 'admin:ssh_signing_key', 'codespace', 'project', 'repo'
github.com
  ✓ Logged in to github.com account pxkundu (/home/artha_undu/.config/gh/hosts.yml)
  - Active account: true
  - Git operations protocol: https
  - Token: ghp_************************************
  - Token scopes: 'admin:gpg_key', 'admin:org', 'admin:public_key', 'admin:repo_hook', 'admin:ssh_signing_key', 'codespace', 'project', 'repo'
github.com
  ✓ Logged in to github.com account pxkundu (/home/artha_undu/.config/gh/hosts.yml)
  - Active account: true
  - Git operations protocol: https
  - Token: ghp_************************************
  - Token scopes: 'admin:gpg_key', 'admin:org', 'admin:public_key', 'admin:repo_hook', 'admin:ssh_signing_key', 'codespace', 'project', 'repo'
github.com
  ✓ Logged in to github.com account pxkundu (/home/artha_undu/.config/gh/hosts.yml)
  - Active account: true
  - Git operations protocol: https
  - Token: ghp_************************************
  - Token scopes: 'admin:gpg_key', 'admin:org', 'admin:public_key', 'admin:repo_hook', 'admin:ssh_signing_key', 'codespace', 'project', 'repo'
github.com
  ✓ Logged in to github.com account pxkundu (/home/artha_undu/.config/gh/hosts.yml)
  - Active account: true
  - Git operations protocol: https
  - Token: ghp_************************************
  - Token scopes: 'admin:gpg_key', 'admin:org', 'admin:public_key', 'admin:repo_hook', 'admin:ssh_signing_key', 'codespace', 'project', 'repo'
